[[0.06834532 0.11870504 0.1294964  0.09352518 0.18705036 0.12589928
  0.08992806 0.14748201 0.1618705  0.08992806 0.24460432 0.07194245
  0.45683453 0.1294964  0.05035971]
 [0.02877698 0.02517986 0.02517986 0.02158273 0.04676259 0.05035971
  0.06834532 0.03956835 0.01079137 0.02877698 0.04676259 0.01798561
  0.03956835 0.01798561 0.0323741 ]
 [0.00719424 0.00359712 0.00359712 0.00359712 0.01079137 0.00359712
  0.00359712 0.01798561 0.05755396 0.01079137 0.00719424 0.05035971
  0.01438849 0.08633094 0.0647482 ]
 [0.00359712 0.00359712 0.00359712 0.00719424 0.00719424 0.01079137
  0.02877698 0.00359712 0.02877698 0.02158273 0.00719424 0.11510791
  0.00719424 0.05035971 0.06834532]
 [0.08273381 0.07194245 0.05755396 0.0971223  0.08992806 0.07553957
  0.05395683 0.05035971 0.02517986 0.02517986 0.00359712 0.03956835
  0.00719424 0.05395683 0.03956835]
 [0.02877698 0.02158273 0.02517986 0.0323741  0.02877698 0.02877698
  0.04676259 0.04316547 0.11151079 0.15467626 0.09352518 0.03956835
  0.17985612 0.07913669 0.05395683]
 [0.00359712 0.01438849 0.00719424 0.00359712 0.00359712 0.00359712
  0.01438849 0.00719424 0.02877698 0.01798561 0.00719424 0.04316547
  0.00359712 0.02158273 0.03597122]
 [0.08992806 0.0647482  0.08633094 0.03597122 0.0647482  0.02877698
  0.03956835 0.0647482  0.02517986 0.02158273 0.03597122 0.02877698
  0.01079137 0.02517986 0.03956835]
 [0.00359712 0.00359712 0.00359712 0.00359712 0.00359712 0.00359712
  0.00359712 0.00359712 0.02158273 0.00719424 0.00719424 0.03597122
  0.01079137 0.06834532 0.04676259]
 [0.40647482 0.39208633 0.34892086 0.41007194 0.29496403 0.35971223
  0.3381295  0.22661871 0.0647482  0.15827338 0.02517986 0.11870504
  0.01798561 0.07553957 0.04676259]
 [0.02158273 0.01798561 0.0323741  0.01798561 0.01798561 0.02877698
  0.03597122 0.02877698 0.01079137 0.02158273 0.00359712 0.01438849
  0.00359712 0.01079137 0.00359712]
 [0.00359712 0.00719424 0.00359712 0.01438849 0.01079137 0.01798561
  0.00719424 0.00719424 0.02158273 0.01079137 0.01079137 0.01438849
  0.00359712 0.03597122 0.03597122]
 [0.00719424 0.02158273 0.00719424 0.01438849 0.01079137 0.01798561
  0.02517986 0.08992806 0.05755396 0.10431655 0.00719424 0.01079137
  0.03597122 0.01079137 0.15467626]
 [0.01079137 0.00719424 0.00719424 0.01079137 0.00719424 0.01438849
  0.01798561 0.01438849 0.05395683 0.03597122 0.00719424 0.09352518
  0.01438849 0.05035971 0.03956835]
 [0.00719424 0.00719424 0.00359712 0.00359712 0.00359712 0.00359712
  0.02158273 0.00719424 0.02877698 0.03597122 0.00719424 0.06834532
  0.01079137 0.04316547 0.06115108]
 [0.04676259 0.05035971 0.05395683 0.02877698 0.06834532 0.07553957
  0.07194245 0.05755396 0.11151079 0.07913669 0.12589928 0.08992806
  0.12589928 0.07553957 0.06115108]
 [0.01798561 0.02517986 0.02877698 0.04676259 0.02158273 0.04316547
  0.0323741  0.03956835 0.08992806 0.06834532 0.12230216 0.02877698
  0.03956835 0.05035971 0.0647482 ]
 [0.12589928 0.11510791 0.14028777 0.13669065 0.10431655 0.07553957
  0.06834532 0.12230216 0.0647482  0.08273381 0.23021583 0.03597122
  0.00719424 0.07553957 0.07553957]
 [0.01798561 0.02517986 0.02877698 0.01079137 0.01079137 0.02517986
  0.02877698 0.01798561 0.01438849 0.01079137 0.00359712 0.03956835
  0.00719424 0.00719424 0.00359712]
 [0.01798561 0.00359712 0.00359712 0.00719424 0.00719424 0.00719424
  0.00359712 0.01079137 0.01079137 0.01438849 0.00359712 0.04316547
  0.00359712 0.0323741  0.02158273]] (20, 15) [0.0825, 0.0138, 0.0546, 0.0672, 0.038599999999999995, 0.0707, 0.0227, 0.0591, 0.057999999999999996, 0.0965, 0.0241, 0.0406, 0.047400000000000005, 0.0393, 0.0553, 0.0664, 0.0535, 0.06860000000000001, 0.011000000000000001, 0.0292] [[-3.87101356 -3.07454695 -2.94901607 -3.41850135 -2.41850135 -2.98965806
  -3.47508488 -2.76138907 -2.62708798 -3.47508488 -2.03147823 -3.79701298
  -1.13025639 -2.94901607 -4.31158615]
 [-5.11894107 -5.31158615 -5.31158615 -5.53397857 -4.41850135 -4.31158615
  -3.87101356 -4.65950945 -6.53397857 -5.11894107 -4.41850135 -5.79701298
  -4.65950945 -5.79701298 -4.94901607]
 [-7.11894107 -8.11894107 -8.11894107 -8.11894107 -6.53397857 -8.11894107
  -8.11894107 -5.79701298 -4.11894107 -6.53397857 -7.11894107 -4.31158615
  -6.11894107 -3.53397857 -3.94901607]
 [-8.11894107 -8.11894107 -8.11894107 -7.11894107 -7.11894107 -6.53397857
  -5.11894107 -8.11894107 -5.11894107 -5.53397857 -7.11894107 -3.11894107
  -7.11894107 -4.31158615 -3.87101356]
 [-3.59537912 -3.79701298 -4.11894107 -3.36405357 -3.47508488 -3.72662365
  -4.21205048 -4.31158615 -5.31158615 -5.31158615 -8.11894107 -4.65950945
  -7.11894107 -4.21205048 -4.65950945]
 [-5.11894107 -5.53397857 -5.31158615 -4.94901607 -5.11894107 -5.11894107
  -4.41850135 -4.53397857 -3.16474476 -2.69267632 -3.41850135 -4.65950945
  -2.47508488 -3.65950945 -4.21205048]
 [-8.11894107 -6.11894107 -7.11894107 -8.11894107 -8.11894107 -8.11894107
  -6.11894107 -7.11894107 -5.11894107 -5.79701298 -7.11894107 -4.53397857
  -8.11894107 -5.53397857 -4.79701298]
 [-3.47508488 -3.94901607 -3.53397857 -4.79701298 -3.94901607 -5.11894107
  -4.65950945 -3.94901607 -5.31158615 -5.53397857 -4.79701298 -5.11894107
  -6.53397857 -5.31158615 -4.65950945]
 [-8.11894107 -8.11894107 -8.11894107 -8.11894107 -8.11894107 -8.11894107
  -8.11894107 -8.11894107 -5.53397857 -7.11894107 -7.11894107 -4.79701298
  -6.53397857 -3.87101356 -4.41850135]
 [-1.29876211 -1.35075675 -1.51902823 -1.28605106 -1.76138907 -1.47508488
  -1.56435222 -2.14166115 -3.94901607 -2.65950945 -5.31158615 -3.07454695
  -5.79701298 -3.72662365 -4.41850135]
 [-5.53397857 -5.79701298 -4.94901607 -5.79701298 -5.79701298 -5.11894107
  -4.79701298 -5.11894107 -6.53397857 -5.53397857 -8.11894107 -6.11894107
  -8.11894107 -6.53397857 -8.11894107]
 [-8.11894107 -7.11894107 -8.11894107 -6.11894107 -6.53397857 -5.79701298
  -7.11894107 -7.11894107 -5.53397857 -6.53397857 -6.53397857 -6.11894107
  -8.11894107 -4.79701298 -4.79701298]
 [-7.11894107 -5.53397857 -7.11894107 -6.11894107 -6.53397857 -5.79701298
  -5.31158615 -3.47508488 -4.11894107 -3.26096008 -7.11894107 -6.53397857
  -4.79701298 -6.53397857 -2.69267632]
 [-6.53397857 -7.11894107 -7.11894107 -6.53397857 -7.11894107 -6.11894107
  -5.79701298 -6.11894107 -4.21205048 -4.79701298 -7.11894107 -3.41850135
  -6.11894107 -4.31158615 -4.65950945]
 [-7.11894107 -7.11894107 -8.11894107 -8.11894107 -8.11894107 -8.11894107
  -5.53397857 -7.11894107 -5.11894107 -4.79701298 -7.11894107 -3.87101356
  -6.53397857 -4.53397857 -4.03147823]
 [-4.41850135 -4.31158615 -4.21205048 -5.11894107 -3.87101356 -3.72662365
  -3.79701298 -4.11894107 -3.16474476 -3.65950945 -2.98965806 -3.47508488
  -2.98965806 -3.72662365 -4.03147823]
 [-5.79701298 -5.31158615 -5.11894107 -4.41850135 -5.53397857 -4.53397857
  -4.94901607 -4.65950945 -3.47508488 -3.87101356 -3.03147823 -5.11894107
  -4.65950945 -4.31158615 -3.94901607]
 [-2.98965806 -3.11894107 -2.83353885 -2.87101356 -3.26096008 -3.72662365
  -3.87101356 -3.03147823 -3.94901607 -3.59537912 -2.11894107 -4.79701298
  -7.11894107 -3.72662365 -3.72662365]
 [-5.79701298 -5.31158615 -5.11894107 -6.53397857 -6.53397857 -5.31158615
  -5.11894107 -5.79701298 -6.11894107 -6.53397857 -8.11894107 -4.65950945
  -7.11894107 -7.11894107 -8.11894107]
 [-5.79701298 -8.11894107 -8.11894107 -7.11894107 -7.11894107 -7.11894107
  -8.11894107 -6.53397857 -6.53397857 -6.11894107 -8.11894107 -4.53397857
  -8.11894107 -4.94901607 -5.53397857]]
